Using pre-set license
Built from '2022.3/staging' branch; Version is '2022.3.4f1 (35713cd46cd7) revision 3502396'; Using compiler version '192829333'; Build Type 'Release'
OS: 'Windows 10  (10.0.19045) 64bit Professional' Language: 'en' Physical Memory: 16321 MB
BatchMode: 1, IsHumanControllingUs: 0, StartBugReporterOnCrash: 0, Is64bit: 1, IsPro: 1

COMMAND LINE ARGUMENTS:
C:\Program Files\Unity\Hub\Editor\2022.3.4f1\Editor\Unity.exe
-adb2
-batchMode
-noUpm
-name
AssetImportWorker0
-projectPath
D:/Users/Kaylee Lewis/Documents/GitHub/cs423.Lewis/CS 423 A01
-logFile
Logs/AssetImportWorker0.log
-srvPort
56261
Successfully changed project path to: D:/Users/Kaylee Lewis/Documents/GitHub/cs423.Lewis/CS 423 A01
D:/Users/Kaylee Lewis/Documents/GitHub/cs423.Lewis/CS 423 A01
[UnityMemory] Configuration Parameters - Can be set up in boot.config
    "memorysetup-bucket-allocator-granularity=16"
    "memorysetup-bucket-allocator-bucket-count=8"
    "memorysetup-bucket-allocator-block-size=33554432"
    "memorysetup-bucket-allocator-block-count=8"
    "memorysetup-main-allocator-block-size=16777216"
    "memorysetup-thread-allocator-block-size=16777216"
    "memorysetup-gfx-main-allocator-block-size=16777216"
    "memorysetup-gfx-thread-allocator-block-size=16777216"
    "memorysetup-cache-allocator-block-size=4194304"
    "memorysetup-typetree-allocator-block-size=2097152"
    "memorysetup-profiler-bucket-allocator-granularity=16"
    "memorysetup-profiler-bucket-allocator-bucket-count=8"
    "memorysetup-profiler-bucket-allocator-block-size=33554432"
    "memorysetup-profiler-bucket-allocator-block-count=8"
    "memorysetup-profiler-allocator-block-size=16777216"
    "memorysetup-profiler-editor-allocator-block-size=1048576"
    "memorysetup-temp-allocator-size-main=16777216"
    "memorysetup-job-temp-allocator-block-size=2097152"
    "memorysetup-job-temp-allocator-block-size-background=1048576"
    "memorysetup-job-temp-allocator-reduction-small-platforms=262144"
    "memorysetup-allocator-temp-initial-block-size-main=262144"
    "memorysetup-allocator-temp-initial-block-size-worker=262144"
    "memorysetup-temp-allocator-size-background-worker=32768"
    "memorysetup-temp-allocator-size-job-worker=262144"
    "memorysetup-temp-allocator-size-preload-manager=33554432"
    "memorysetup-temp-allocator-size-nav-mesh-worker=65536"
    "memorysetup-temp-allocator-size-audio-worker=65536"
    "memorysetup-temp-allocator-size-cloud-worker=32768"
    "memorysetup-temp-allocator-size-gi-baking-worker=262144"
    "memorysetup-temp-allocator-size-gfx=262144"
Player connection [17728] Host "[IP] 192.168.1.225 [Port] 0 [Flags] 2 [Guid] 2767146670 [EditorId] 2767146670 [Version] 1048832 [Id] WindowsEditor(7,KayleePC) [Debug] 1 [PackageName] WindowsEditor [ProjectName] Editor" joined multi-casting on [225.0.0.222:54997]...

Player connection [17728] Host "[IP] 192.168.1.225 [Port] 0 [Flags] 2 [Guid] 2767146670 [EditorId] 2767146670 [Version] 1048832 [Id] WindowsEditor(7,KayleePC) [Debug] 1 [PackageName] WindowsEditor [ProjectName] Editor" joined alternative multi-casting on [225.0.0.222:34997]...

Refreshing native plugins compatible for Editor in 15.83 ms, found 3 plugins.
Preloading 0 native plugins for Editor in 0.00 ms.
Initialize engine version: 2022.3.4f1 (35713cd46cd7)
[Subsystems] Discovering subsystems at path C:/Program Files/Unity/Hub/Editor/2022.3.4f1/Editor/Data/Resources/UnitySubsystems
[Subsystems] Discovering subsystems at path D:/Users/Kaylee Lewis/Documents/GitHub/cs423.Lewis/CS 423 A01/Assets
GfxDevice: creating device client; threaded=0; jobified=0
Direct3D:
    Version:  Direct3D 11.0 [level 11.1]
    Renderer: NVIDIA GeForce RTX 3080 (ID=0x2206)
    Vendor:   NVIDIA
    VRAM:     10067 MB
    Driver:   31.0.15.3667
Initialize mono
Mono path[0] = 'C:/Program Files/Unity/Hub/Editor/2022.3.4f1/Editor/Data/Managed'
Mono path[1] = 'C:/Program Files/Unity/Hub/Editor/2022.3.4f1/Editor/Data/MonoBleedingEdge/lib/mono/unityjit-win32'
Mono config path = 'C:/Program Files/Unity/Hub/Editor/2022.3.4f1/Editor/Data/MonoBleedingEdge/etc'
Using monoOptions --debugger-agent=transport=dt_socket,embedding=1,server=y,suspend=n,address=127.0.0.1:56188
Begin MonoManager ReloadAssembly
Registering precompiled unity dll's ...
Register platform support module: C:/Program Files/Unity/Hub/Editor/2022.3.4f1/Editor/Data/PlaybackEngines/WindowsStandaloneSupport/UnityEditor.WindowsStandalone.Extensions.dll
Registered in 0.023341 seconds.
- Loaded All Assemblies, in  0.470 seconds
Native extension for WindowsStandalone target not found
Mono: successfully reloaded assembly
- Finished resetting the current domain, in  0.314 seconds
Domain Reload Profiling: 779ms
	BeginReloadAssembly (125ms)
		ExecutionOrderSort (0ms)
		DisableScriptedObjects (0ms)
		BackupInstance (0ms)
		ReleaseScriptingObjects (0ms)
		CreateAndSetChildDomain (1ms)
	RebuildCommonClasses (42ms)
	RebuildNativeTypeToScriptingClass (12ms)
	initialDomainReloadingComplete (96ms)
	LoadAllAssembliesAndSetupDomain (189ms)
		LoadAssemblies (119ms)
		RebuildTransferFunctionScriptingTraits (0ms)
		AnalyzeDomain (176ms)
			TypeCache.Refresh (175ms)
				TypeCache.ScanAssembly (159ms)
			ScanForSourceGeneratedMonoScriptInfo (0ms)
			ResolveRequiredComponents (0ms)
	FinalizeReload (315ms)
		ReleaseScriptCaches (0ms)
		RebuildScriptCaches (0ms)
		SetupLoadedEditorAssemblies (244ms)
			LogAssemblyErrors (0ms)
			InitializePlatformSupportModulesInManaged (16ms)
			SetLoadedEditorAssemblies (9ms)
			RefreshPlugins (0ms)
			BeforeProcessingInitializeOnLoad (2ms)
			ProcessInitializeOnLoadAttributes (162ms)
			ProcessInitializeOnLoadMethodAttributes (55ms)
			AfterProcessingInitializeOnLoad (0ms)
			EditorAssembliesLoaded (0ms)
		ExecutionOrderSort2 (0ms)
		AwakeInstancesAfterBackupRestoration (0ms)
========================================================================
Worker process is ready to serve import requests
Begin MonoManager ReloadAssembly
Symbol file LoadedFromMemory doesn't match image D:\Users\Kaylee Lewis\Documents\GitHub\cs423.Lewis\CS 423 A01\Library\PackageCache\com.unity.visualscripting@1.8.0\Editor\VisualScripting.Core\Dependencies\YamlDotNet\Unity.VisualScripting.YamlDotNet.dll
Symbol file LoadedFromMemory doesn't match image D:\Users\Kaylee Lewis\Documents\GitHub\cs423.Lewis\CS 423 A01\Library\PackageCache\com.unity.visualscripting@1.8.0\Editor\VisualScripting.Core\Dependencies\DotNetZip\Unity.VisualScripting.IonicZip.dll
- Loaded All Assemblies, in  0.960 seconds
Refreshing native plugins compatible for Editor in 4.45 ms, found 3 plugins.
Native extension for WindowsStandalone target not found
Mono: successfully reloaded assembly
- Finished resetting the current domain, in  0.605 seconds
Domain Reload Profiling: 1560ms
	BeginReloadAssembly (184ms)
		ExecutionOrderSort (0ms)
		DisableScriptedObjects (8ms)
		BackupInstance (0ms)
		ReleaseScriptingObjects (1ms)
		CreateAndSetChildDomain (26ms)
	RebuildCommonClasses (48ms)
	RebuildNativeTypeToScriptingClass (13ms)
	initialDomainReloadingComplete (64ms)
	LoadAllAssembliesAndSetupDomain (646ms)
		LoadAssemblies (369ms)
		RebuildTransferFunctionScriptingTraits (0ms)
		AnalyzeDomain (366ms)
			TypeCache.Refresh (339ms)
				TypeCache.ScanAssembly (324ms)
			ScanForSourceGeneratedMonoScriptInfo (22ms)
			ResolveRequiredComponents (5ms)
	FinalizeReload (606ms)
		ReleaseScriptCaches (0ms)
		RebuildScriptCaches (0ms)
		SetupLoadedEditorAssemblies (434ms)
			LogAssemblyErrors (0ms)
			InitializePlatformSupportModulesInManaged (14ms)
			SetLoadedEditorAssemblies (4ms)
			RefreshPlugins (0ms)
			BeforeProcessingInitializeOnLoad (79ms)
			ProcessInitializeOnLoadAttributes (295ms)
			ProcessInitializeOnLoadMethodAttributes (21ms)
			AfterProcessingInitializeOnLoad (22ms)
			EditorAssembliesLoaded (0ms)
		ExecutionOrderSort2 (0ms)
		AwakeInstancesAfterBackupRestoration (7ms)
Launched and connected shader compiler UnityShaderCompiler.exe after 0.05 seconds
Refreshing native plugins compatible for Editor in 4.57 ms, found 3 plugins.
Preloading 0 native plugins for Editor in 0.00 ms.
Unloading 3440 Unused Serialized files (Serialized files now loaded: 0)
Unloading 36 unused Assets / (114.2 KB). Loaded Objects now: 3906.
Memory consumption went from 129.6 MB to 129.5 MB.
Total: 3.558600 ms (FindLiveObjects: 0.428300 ms CreateObjectMapping: 0.324300 ms MarkObjects: 2.652000 ms  DeleteObjects: 0.152800 ms)

AssetImportParameters requested are different than current active one (requested -> active):
  custom:container-demuxer-ogg: 62fdf1f143b41e24485cea50d1cbac27 -> 
  custom:video-codec-MediaFoundation-h265: 746d11721c4dcdbdad8f713fa42b33f4 -> 
  custom:video-decoder-ogg-theora: a1e56fd34408186e4bbccfd4996cb3dc -> 
  custom:framework-win-MediaFoundation: 216162199b28c13a410421893ffa2e32 -> 
  custom:CustomObjectIndexerAttribute: 756ad292c208cfabdd7b50bc23989ffe -> 
  custom:container-demuxer-webm: 4f35f7cbe854078d1ac9338744f61a02 -> 
  custom:container-muxer-webm: aa71ff27fc2769a1b78a27578f13a17b -> 
  custom:video-decoder-webm-vp8: 9c59270c3fd7afecdb556c50c9e8de78 -> 
  custom:AudioImporter_EditorPlatform: d09bf68614088b80899f8185d706f6e7 -> 
  custom:video-encoder-webm-vp8: eb34c28f22e8b96e1ab97ce403110664 -> 
  custom:audio-decoder-ogg-vorbis: bf7c407c2cedff20999df2af8eb42d56 -> 
  custom:audio-encoder-webm-vorbis: bf7c407c2cedff20999df2af8eb42d56 -> 
========================================================================
Received Import Request.
  Time since last request: 172757.648408 seconds.
  path: Assets/Floorplan.jpg
  artifactKey: Guid(289eea359cb5e504989fe92f0ab3fd07) Importer(2089858483,0ecaa5967403d082aa24f35e1b516d23)
Start importing Assets/Floorplan.jpg using Guid(289eea359cb5e504989fe92f0ab3fd07) Importer(2089858483,0ecaa5967403d082aa24f35e1b516d23) Generated GUIDs only implemented for interfaces!
 -> (artifact id: 'f9e936769497d9359dfd85eb61f73f25') in 0.150459 seconds
Number of updated asset objects reloaded before import = 0
Number of asset objects unloaded after import = 1
========================================================================
Received Import Request.
  Time since last request: 0.000029 seconds.
  path: Assets/Floorplan.mat
  artifactKey: Guid(8a83266c41aa3f14ca23b671c1003ffe) Importer(2089858483,0ecaa5967403d082aa24f35e1b516d23)
Start importing Assets/Floorplan.mat using Guid(8a83266c41aa3f14ca23b671c1003ffe) Importer(2089858483,0ecaa5967403d082aa24f35e1b516d23) Generated GUIDs only implemented for interfaces!
 -> (artifact id: 'ffe1ae868e59527928979fb2243d71f5') in 0.023362 seconds
Number of updated asset objects reloaded before import = 0
Number of asset objects unloaded after import = 2
========================================================================
Received Prepare
Refreshing native plugins compatible for Editor in 3.59 ms, found 3 plugins.
Preloading 0 native plugins for Editor in 0.00 ms.
Unloading 1 Unused Serialized files (Serialized files now loaded: 0)
Unloading 2 unused Assets / (67.4 KB). Loaded Objects now: 3906.
Memory consumption went from 70.9 MB to 70.9 MB.
Total: 3.759600 ms (FindLiveObjects: 0.250700 ms CreateObjectMapping: 0.142400 ms MarkObjects: 3.287400 ms  DeleteObjects: 0.078200 ms)

Prepare: number of updated asset objects reloaded= 0
AssetImportParameters requested are different than current active one (requested -> active):
  custom:container-demuxer-ogg: 62fdf1f143b41e24485cea50d1cbac27 -> 
  custom:video-codec-MediaFoundation-h265: 746d11721c4dcdbdad8f713fa42b33f4 -> 
  custom:video-decoder-ogg-theora: a1e56fd34408186e4bbccfd4996cb3dc -> 
  custom:framework-win-MediaFoundation: 216162199b28c13a410421893ffa2e32 -> 
  custom:CustomObjectIndexerAttribute: 756ad292c208cfabdd7b50bc23989ffe -> 
  custom:container-demuxer-webm: 4f35f7cbe854078d1ac9338744f61a02 -> 
  custom:container-muxer-webm: aa71ff27fc2769a1b78a27578f13a17b -> 
  custom:video-decoder-webm-vp8: 9c59270c3fd7afecdb556c50c9e8de78 -> 
  custom:SearchIndexIgnoredProperties: e643bd26f0fe6173181afceb89e7c659 -> 
  custom:AudioImporter_EditorPlatform: d09bf68614088b80899f8185d706f6e7 -> 
  custom:video-encoder-webm-vp8: eb34c28f22e8b96e1ab97ce403110664 -> 
  custom:audio-decoder-ogg-vorbis: bf7c407c2cedff20999df2af8eb42d56 -> 
  custom:audio-encoder-webm-vorbis: bf7c407c2cedff20999df2af8eb42d56 -> 
========================================================================
Received Import Request.
  Time since last request: 964.415111 seconds.
  path: Packages/com.unity.probuilder/Content/Material/Checker.mat
  artifactKey: Guid(4717b199010ca4cb3a8a7a465ec457d2) Importer(815301076,1909f56bfc062723c751e8b465ee728b)
Start importing Packages/com.unity.probuilder/Content/Material/Checker.mat using Guid(4717b199010ca4cb3a8a7a465ec457d2) Importer(815301076,1909f56bfc062723c751e8b465ee728b)  -> (artifact id: 'e31ce11e31f3fd89ca87ffda9d4051a0') in 0.134584 seconds
Number of updated asset objects reloaded before import = 0
Number of asset objects unloaded after import = 2
========================================================================
Received Import Request.
  Time since last request: 0.000025 seconds.
  path: Packages/com.unity.probuilder/Content/Resources/Materials/FacePicker.mat
  artifactKey: Guid(5695904020f064fdab5ad265b274a616) Importer(815301076,1909f56bfc062723c751e8b465ee728b)
Start importing Packages/com.unity.probuilder/Content/Resources/Materials/FacePicker.mat using Guid(5695904020f064fdab5ad265b274a616) Importer(815301076,1909f56bfc062723c751e8b465ee728b)  -> (artifact id: '21ca049f1b33f10a49fda351346b4740') in 0.021035 seconds
Number of updated asset objects reloaded before import = 0
Number of asset objects unloaded after import = 1
========================================================================
Received Import Request.
  Time since last request: 0.000017 seconds.
  path: Packages/com.unity.probuilder/Content/Resources/Materials/EdgePickerHDRP.mat
  artifactKey: Guid(980c24c5a501a9a429356d191ad356a9) Importer(815301076,1909f56bfc062723c751e8b465ee728b)
Start importing Packages/com.unity.probuilder/Content/Resources/Materials/EdgePickerHDRP.mat using Guid(980c24c5a501a9a429356d191ad356a9) Importer(815301076,1909f56bfc062723c751e8b465ee728b)  -> (artifact id: '3be956cb9109059af75407f48867bfee') in 0.020856 seconds
Number of updated asset objects reloaded before import = 0
Number of asset objects unloaded after import = 1
========================================================================
Received Import Request.
  Time since last request: 293.914011 seconds.
  path: Assets/Wall.mat
  artifactKey: Guid(3fe4046a3715fb04d992d181c05caa86) Importer(815301076,1909f56bfc062723c751e8b465ee728b)
Start importing Assets/Wall.mat using Guid(3fe4046a3715fb04d992d181c05caa86) Importer(815301076,1909f56bfc062723c751e8b465ee728b)  -> (artifact id: 'c3c072247b34ffa3b02a572d674ee547') in 0.021107 seconds
Number of updated asset objects reloaded before import = 0
Number of asset objects unloaded after import = 1
========================================================================
Received Import Request.
  Time since last request: 651.499150 seconds.
  path: Assets/Scenes/Lobby.unity
  artifactKey: Guid(9fc0d4010bbf28b4594072e72b8655ab) Importer(2089858483,0ecaa5967403d082aa24f35e1b516d23)
Start importing Assets/Scenes/Lobby.unity using Guid(9fc0d4010bbf28b4594072e72b8655ab) Importer(2089858483,0ecaa5967403d082aa24f35e1b516d23) Generated GUIDs only implemented for interfaces!
 -> (artifact id: '6a9facad57b353c7b652e8df578c6584') in 0.015432 seconds
Number of updated asset objects reloaded before import = 0
Number of asset objects unloaded after import = 1
========================================================================
Received Import Request.
  Time since last request: 195.663690 seconds.
  path: Assets/Scenes/Lobby.unity
  artifactKey: Guid(9fc0d4010bbf28b4594072e72b8655ab) Importer(2089858483,0ecaa5967403d082aa24f35e1b516d23)
Start importing Assets/Scenes/Lobby.unity using Guid(9fc0d4010bbf28b4594072e72b8655ab) Importer(2089858483,0ecaa5967403d082aa24f35e1b516d23) Generated GUIDs only implemented for interfaces!
 -> (artifact id: 'e65cbb3acf0172c3f003811c839821a1') in 0.029853 seconds
Number of updated asset objects reloaded before import = 0
Number of asset objects unloaded after import = 1
========================================================================
Received Import Request.
  Time since last request: 145.258707 seconds.
  path: Assets/Scenes/Lobby.unity
  artifactKey: Guid(9fc0d4010bbf28b4594072e72b8655ab) Importer(2089858483,0ecaa5967403d082aa24f35e1b516d23)
Start importing Assets/Scenes/Lobby.unity using Guid(9fc0d4010bbf28b4594072e72b8655ab) Importer(2089858483,0ecaa5967403d082aa24f35e1b516d23) Generated GUIDs only implemented for interfaces!
 -> (artifact id: 'e3750cd109a8431450e4a9f7f3cf94cf') in 0.014034 seconds
Number of updated asset objects reloaded before import = 0
Number of asset objects unloaded after import = 1
========================================================================
Received Import Request.
  Time since last request: 4679.345582 seconds.
  path: Assets/Scenes/Lobby.unity
  artifactKey: Guid(9fc0d4010bbf28b4594072e72b8655ab) Importer(2089858483,0ecaa5967403d082aa24f35e1b516d23)
Start importing Assets/Scenes/Lobby.unity using Guid(9fc0d4010bbf28b4594072e72b8655ab) Importer(2089858483,0ecaa5967403d082aa24f35e1b516d23) Generated GUIDs only implemented for interfaces!
 -> (artifact id: '497ef707b4fa2149ea01740fa33f31de') in 0.037101 seconds
Number of updated asset objects reloaded before import = 0
Number of asset objects unloaded after import = 1
========================================================================
Received Import Request.
  Time since last request: 503.228859 seconds.
  path: Assets/Lobby Door To Third Room.prefab
  artifactKey: Guid(5a021f0a62630d94e88bd2f778c15522) Importer(815301076,1909f56bfc062723c751e8b465ee728b)
Start importing Assets/Lobby Door To Third Room.prefab using Guid(5a021f0a62630d94e88bd2f778c15522) Importer(815301076,1909f56bfc062723c751e8b465ee728b)  -> (artifact id: '5449e213427929b92acf00d199d4664f') in 0.036642 seconds
Number of updated asset objects reloaded before import = 0
Number of asset objects unloaded after import = 9
========================================================================
Received Import Request.
  Time since last request: 0.941004 seconds.
  path: Assets/Lobby Door To Third Room.prefab
  artifactKey: Guid(5a021f0a62630d94e88bd2f778c15522) Importer(2089858483,0ecaa5967403d082aa24f35e1b516d23)
Start importing Assets/Lobby Door To Third Room.prefab using Guid(5a021f0a62630d94e88bd2f778c15522) Importer(2089858483,0ecaa5967403d082aa24f35e1b516d23) Generated GUIDs only implemented for interfaces!
 -> (artifact id: '98b9a996b5fe509cdee685279aaec0f3') in 0.065207 seconds
Number of updated asset objects reloaded before import = 0
Number of asset objects unloaded after import = 9
========================================================================
Received Import Request.
  Time since last request: 6.541431 seconds.
  path: Assets/Lobby Entrance.prefab
  artifactKey: Guid(47720db877e6bc0409bc8e89497e893d) Importer(815301076,1909f56bfc062723c751e8b465ee728b)
Start importing Assets/Lobby Entrance.prefab using Guid(47720db877e6bc0409bc8e89497e893d) Importer(815301076,1909f56bfc062723c751e8b465ee728b)  -> (artifact id: '3d11fc2174e889731a14cfedf8220b02') in 0.002959 seconds
Number of updated asset objects reloaded before import = 0
Number of asset objects unloaded after import = 9
========================================================================
Received Import Request.
  Time since last request: 0.979079 seconds.
  path: Assets/Lobby Entrance.prefab
  artifactKey: Guid(47720db877e6bc0409bc8e89497e893d) Importer(2089858483,0ecaa5967403d082aa24f35e1b516d23)
Start importing Assets/Lobby Entrance.prefab using Guid(47720db877e6bc0409bc8e89497e893d) Importer(2089858483,0ecaa5967403d082aa24f35e1b516d23) Generated GUIDs only implemented for interfaces!
 -> (artifact id: '3cbaf732224e128bddd06a0ab751bebe') in 0.045631 seconds
Number of updated asset objects reloaded before import = 0
Number of asset objects unloaded after import = 9
========================================================================
Received Import Request.
  Time since last request: 9.437812 seconds.
  path: Assets/Lobby Entrance.prefab
  artifactKey: Guid(47720db877e6bc0409bc8e89497e893d) Importer(815301076,1909f56bfc062723c751e8b465ee728b)
Start importing Assets/Lobby Entrance.prefab using Guid(47720db877e6bc0409bc8e89497e893d) Importer(815301076,1909f56bfc062723c751e8b465ee728b)  -> (artifact id: 'e0483e2ac41515ac67388dd83de55c8c') in 0.002211 seconds
Number of updated asset objects reloaded before import = 0
Number of asset objects unloaded after import = 9
========================================================================
Received Import Request.
  Time since last request: 0.976353 seconds.
  path: Assets/Lobby Entrance.prefab
  artifactKey: Guid(47720db877e6bc0409bc8e89497e893d) Importer(2089858483,0ecaa5967403d082aa24f35e1b516d23)
Start importing Assets/Lobby Entrance.prefab using Guid(47720db877e6bc0409bc8e89497e893d) Importer(2089858483,0ecaa5967403d082aa24f35e1b516d23) Generated GUIDs only implemented for interfaces!
 -> (artifact id: '3cae9ee82f38700523cbc9d285f09f43') in 0.018415 seconds
Number of updated asset objects reloaded before import = 0
Number of asset objects unloaded after import = 9
========================================================================
Received Import Request.
  Time since last request: 0.147132 seconds.
  path: Assets/Lobby Door To Third Room.prefab
  artifactKey: Guid(5a021f0a62630d94e88bd2f778c15522) Importer(815301076,1909f56bfc062723c751e8b465ee728b)
Start importing Assets/Lobby Door To Third Room.prefab using Guid(5a021f0a62630d94e88bd2f778c15522) Importer(815301076,1909f56bfc062723c751e8b465ee728b)  -> (artifact id: '4b2e1c82a0163be3da2fe48c1062952a') in 0.002084 seconds
Number of updated asset objects reloaded before import = 0
Number of asset objects unloaded after import = 9
========================================================================
Received Import Request.
  Time since last request: 1.023422 seconds.
  path: Assets/Lobby Door To Third Room.prefab
  artifactKey: Guid(5a021f0a62630d94e88bd2f778c15522) Importer(2089858483,0ecaa5967403d082aa24f35e1b516d23)
Start importing Assets/Lobby Door To Third Room.prefab using Guid(5a021f0a62630d94e88bd2f778c15522) Importer(2089858483,0ecaa5967403d082aa24f35e1b516d23) Generated GUIDs only implemented for interfaces!
 -> (artifact id: 'd7d3f41ef30fe75554a8a0d035a24b69') in 0.033226 seconds
Number of updated asset objects reloaded before import = 0
Number of asset objects unloaded after import = 9
========================================================================
Received Import Request.
  Time since last request: 5307.875357 seconds.
  path: Assets/Door.prefab
  artifactKey: Guid(5a021f0a62630d94e88bd2f778c15522) Importer(815301076,1909f56bfc062723c751e8b465ee728b)
Start importing Assets/Door.prefab using Guid(5a021f0a62630d94e88bd2f778c15522) Importer(815301076,1909f56bfc062723c751e8b465ee728b)  -> (artifact id: '9e11b05dbb6099e7484a9e806256489c') in 0.010141 seconds
Number of updated asset objects reloaded before import = 0
Number of asset objects unloaded after import = 9
========================================================================
Received Import Request.
  Time since last request: 0.970594 seconds.
  path: Assets/Door.prefab
  artifactKey: Guid(5a021f0a62630d94e88bd2f778c15522) Importer(2089858483,0ecaa5967403d082aa24f35e1b516d23)
Start importing Assets/Door.prefab using Guid(5a021f0a62630d94e88bd2f778c15522) Importer(2089858483,0ecaa5967403d082aa24f35e1b516d23) Generated GUIDs only implemented for interfaces!
 -> (artifact id: '799ded9e86e81c0863466c03f58b2c59') in 0.058103 seconds
Number of updated asset objects reloaded before import = 0
Number of asset objects unloaded after import = 9
========================================================================
Received Import Request.
  Time since last request: 6.697452 seconds.
  path: Assets/Double Door.prefab
  artifactKey: Guid(47720db877e6bc0409bc8e89497e893d) Importer(815301076,1909f56bfc062723c751e8b465ee728b)
Start importing Assets/Double Door.prefab using Guid(47720db877e6bc0409bc8e89497e893d) Importer(815301076,1909f56bfc062723c751e8b465ee728b)  -> (artifact id: 'ea6e911a9fa54a7834a55e5e1055ca77') in 0.002369 seconds
Number of updated asset objects reloaded before import = 0
Number of asset objects unloaded after import = 9
========================================================================
Received Import Request.
  Time since last request: 0.978896 seconds.
  path: Assets/Double Door.prefab
  artifactKey: Guid(47720db877e6bc0409bc8e89497e893d) Importer(2089858483,0ecaa5967403d082aa24f35e1b516d23)
Start importing Assets/Double Door.prefab using Guid(47720db877e6bc0409bc8e89497e893d) Importer(2089858483,0ecaa5967403d082aa24f35e1b516d23) Generated GUIDs only implemented for interfaces!
 -> (artifact id: '8e2b7fb4d13a785fd0f2b10d77ddb743') in 0.018696 seconds
Number of updated asset objects reloaded before import = 0
Number of asset objects unloaded after import = 9
========================================================================
Received Import Request.
  Time since last request: 1614.230299 seconds.
  path: Assets/Scenes/Lobby.unity
  artifactKey: Guid(9fc0d4010bbf28b4594072e72b8655ab) Importer(2089858483,0ecaa5967403d082aa24f35e1b516d23)
Start importing Assets/Scenes/Lobby.unity using Guid(9fc0d4010bbf28b4594072e72b8655ab) Importer(2089858483,0ecaa5967403d082aa24f35e1b516d23) Generated GUIDs only implemented for interfaces!
 -> (artifact id: 'aefd45ee0c88fa1ef08d19d210be87c4') in 0.022723 seconds
Number of updated asset objects reloaded before import = 0
Number of asset objects unloaded after import = 1
========================================================================
Received Import Request.
  Time since last request: 28.792697 seconds.
  path: Assets/Lobby Entrance.prefab
  artifactKey: Guid(08d7f91f224a182468615771d0081277) Importer(815301076,1909f56bfc062723c751e8b465ee728b)
Start importing Assets/Lobby Entrance.prefab using Guid(08d7f91f224a182468615771d0081277) Importer(815301076,1909f56bfc062723c751e8b465ee728b)  -> (artifact id: 'd86fa5c050efd99abf84fbc42dcc9403') in 0.002624 seconds
Number of updated asset objects reloaded before import = 0
Number of asset objects unloaded after import = 9
========================================================================
Received Import Request.
  Time since last request: 0.974223 seconds.
  path: Assets/Lobby Entrance.prefab
  artifactKey: Guid(08d7f91f224a182468615771d0081277) Importer(2089858483,0ecaa5967403d082aa24f35e1b516d23)
Start importing Assets/Lobby Entrance.prefab using Guid(08d7f91f224a182468615771d0081277) Importer(2089858483,0ecaa5967403d082aa24f35e1b516d23) Generated GUIDs only implemented for interfaces!
 -> (artifact id: '961b9aff1a2294c66737b85e0d48871c') in 0.020841 seconds
Number of updated asset objects reloaded before import = 0
Number of asset objects unloaded after import = 9
========================================================================
Received Import Request.
  Time since last request: 8.833441 seconds.
  path: Assets/Lobby Door To First Room.prefab
  artifactKey: Guid(896929f0128643c41b4f877de4640834) Importer(815301076,1909f56bfc062723c751e8b465ee728b)
Start importing Assets/Lobby Door To First Room.prefab using Guid(896929f0128643c41b4f877de4640834) Importer(815301076,1909f56bfc062723c751e8b465ee728b)  -> (artifact id: '8806b886a82618ab505a7af700337dbe') in 0.002158 seconds
Number of updated asset objects reloaded before import = 0
Number of asset objects unloaded after import = 9
========================================================================
Received Import Request.
  Time since last request: 0.979683 seconds.
  path: Assets/Lobby Door To First Room.prefab
  artifactKey: Guid(896929f0128643c41b4f877de4640834) Importer(2089858483,0ecaa5967403d082aa24f35e1b516d23)
Start importing Assets/Lobby Door To First Room.prefab using Guid(896929f0128643c41b4f877de4640834) Importer(2089858483,0ecaa5967403d082aa24f35e1b516d23) Generated GUIDs only implemented for interfaces!
 -> (artifact id: '5b1455110de38a5c1d9927a42188b366') in 0.049805 seconds
Number of updated asset objects reloaded before import = 0
Number of asset objects unloaded after import = 9
========================================================================
Received Import Request.
  Time since last request: 59.848947 seconds.
  path: Assets/Double Doors.prefab
  artifactKey: Guid(08d7f91f224a182468615771d0081277) Importer(815301076,1909f56bfc062723c751e8b465ee728b)
Start importing Assets/Double Doors.prefab using Guid(08d7f91f224a182468615771d0081277) Importer(815301076,1909f56bfc062723c751e8b465ee728b)  -> (artifact id: '71d64b98927c685ab0aca654ffbba0d1') in 0.002425 seconds
Number of updated asset objects reloaded before import = 0
Number of asset objects unloaded after import = 9
========================================================================
Received Import Request.
  Time since last request: 0.969448 seconds.
  path: Assets/Double Doors.prefab
  artifactKey: Guid(08d7f91f224a182468615771d0081277) Importer(2089858483,0ecaa5967403d082aa24f35e1b516d23)
Start importing Assets/Double Doors.prefab using Guid(08d7f91f224a182468615771d0081277) Importer(2089858483,0ecaa5967403d082aa24f35e1b516d23) Generated GUIDs only implemented for interfaces!
 -> (artifact id: '4312884ebe4edcbdbd0dfa534d9698b6') in 0.017573 seconds
Number of updated asset objects reloaded before import = 0
Number of asset objects unloaded after import = 9
========================================================================
Received Import Request.
  Time since last request: 9.780502 seconds.
  path: Assets/Doors.prefab
  artifactKey: Guid(896929f0128643c41b4f877de4640834) Importer(815301076,1909f56bfc062723c751e8b465ee728b)
Start importing Assets/Doors.prefab using Guid(896929f0128643c41b4f877de4640834) Importer(815301076,1909f56bfc062723c751e8b465ee728b)  -> (artifact id: '70e1a50b86c9a3494f0462a384633e33') in 0.002074 seconds
Number of updated asset objects reloaded before import = 0
Number of asset objects unloaded after import = 9
========================================================================
Received Import Request.
  Time since last request: 0.971258 seconds.
  path: Assets/Doors.prefab
  artifactKey: Guid(896929f0128643c41b4f877de4640834) Importer(2089858483,0ecaa5967403d082aa24f35e1b516d23)
Start importing Assets/Doors.prefab using Guid(896929f0128643c41b4f877de4640834) Importer(2089858483,0ecaa5967403d082aa24f35e1b516d23) Generated GUIDs only implemented for interfaces!
 -> (artifact id: 'beaa974bd0dae3c54e129f23b7bada1c') in 0.044361 seconds
Number of updated asset objects reloaded before import = 0
Number of asset objects unloaded after import = 9
========================================================================
Received Import Request.
  Time since last request: 134.444724 seconds.
  path: Assets/Scenes/Lobby.unity
  artifactKey: Guid(9fc0d4010bbf28b4594072e72b8655ab) Importer(2089858483,0ecaa5967403d082aa24f35e1b516d23)
Start importing Assets/Scenes/Lobby.unity using Guid(9fc0d4010bbf28b4594072e72b8655ab) Importer(2089858483,0ecaa5967403d082aa24f35e1b516d23) Generated GUIDs only implemented for interfaces!
 -> (artifact id: '0585b726e9f1022371589c1db4d98a1c') in 0.027282 seconds
Number of updated asset objects reloaded before import = 0
Number of asset objects unloaded after import = 1
========================================================================
Received Import Request.
  Time since last request: 1222.435218 seconds.
  path: Assets/Scenes/Lobby.unity
  artifactKey: Guid(9fc0d4010bbf28b4594072e72b8655ab) Importer(2089858483,0ecaa5967403d082aa24f35e1b516d23)
Start importing Assets/Scenes/Lobby.unity using Guid(9fc0d4010bbf28b4594072e72b8655ab) Importer(2089858483,0ecaa5967403d082aa24f35e1b516d23) Generated GUIDs only implemented for interfaces!
 -> (artifact id: '068f23567abff996ec83a2664a47a479') in 0.045757 seconds
Number of updated asset objects reloaded before import = 0
Number of asset objects unloaded after import = 1
========================================================================
Received Import Request.
  Time since last request: 327.794488 seconds.
  path: Assets/Lobby Entrance Doorframe.prefab
  artifactKey: Guid(2ff6ff7ad29392f4ca81ba6999f2347c) Importer(815301076,1909f56bfc062723c751e8b465ee728b)
Start importing Assets/Lobby Entrance Doorframe.prefab using Guid(2ff6ff7ad29392f4ca81ba6999f2347c) Importer(815301076,1909f56bfc062723c751e8b465ee728b)  -> (artifact id: '3f4b2052514dc67675cb1b1ebe14bfbc') in 0.003062 seconds
Number of updated asset objects reloaded before import = 0
Number of asset objects unloaded after import = 9
========================================================================
Received Import Request.
  Time since last request: 2.381861 seconds.
  path: Assets/Lobby Entrance Doorframe.prefab
  artifactKey: Guid(2ff6ff7ad29392f4ca81ba6999f2347c) Importer(2089858483,0ecaa5967403d082aa24f35e1b516d23)
Start importing Assets/Lobby Entrance Doorframe.prefab using Guid(2ff6ff7ad29392f4ca81ba6999f2347c) Importer(2089858483,0ecaa5967403d082aa24f35e1b516d23) Generated GUIDs only implemented for interfaces!
 -> (artifact id: '6b2f7e666722ec0479eb3fb53b570d1c') in 0.025161 seconds
Number of updated asset objects reloaded before import = 0
Number of asset objects unloaded after import = 9
========================================================================
Received Import Request.
  Time since last request: 2.948473 seconds.
  path: Assets/Double Doorframe.prefab
  artifactKey: Guid(2ff6ff7ad29392f4ca81ba6999f2347c) Importer(815301076,1909f56bfc062723c751e8b465ee728b)
Start importing Assets/Double Doorframe.prefab using Guid(2ff6ff7ad29392f4ca81ba6999f2347c) Importer(815301076,1909f56bfc062723c751e8b465ee728b)  -> (artifact id: 'aa90cf915c82b96802b10e1374f53ca2') in 0.002273 seconds
Number of updated asset objects reloaded before import = 0
Number of asset objects unloaded after import = 9
========================================================================
Received Import Request.
  Time since last request: 0.966445 seconds.
  path: Assets/Double Doorframe.prefab
  artifactKey: Guid(2ff6ff7ad29392f4ca81ba6999f2347c) Importer(2089858483,0ecaa5967403d082aa24f35e1b516d23)
Start importing Assets/Double Doorframe.prefab using Guid(2ff6ff7ad29392f4ca81ba6999f2347c) Importer(2089858483,0ecaa5967403d082aa24f35e1b516d23) Generated GUIDs only implemented for interfaces!
 -> (artifact id: '34280027be1ad63a26830482a29ead6a') in 0.042834 seconds
Number of updated asset objects reloaded before import = 0
Number of asset objects unloaded after import = 9
========================================================================
Received Import Request.
  Time since last request: 3.865517 seconds.
  path: Assets/Lobby Doorframe To First Room.prefab
  artifactKey: Guid(03027f98cef34f245a2617421923ca99) Importer(815301076,1909f56bfc062723c751e8b465ee728b)
Start importing Assets/Lobby Doorframe To First Room.prefab using Guid(03027f98cef34f245a2617421923ca99) Importer(815301076,1909f56bfc062723c751e8b465ee728b)  -> (artifact id: '93772d5c893c6b2e9c8eebccc143d470') in 0.002093 seconds
Number of updated asset objects reloaded before import = 0
Number of asset objects unloaded after import = 9
========================================================================
Received Import Request.
  Time since last request: 0.977459 seconds.
  path: Assets/Lobby Doorframe To First Room.prefab
  artifactKey: Guid(03027f98cef34f245a2617421923ca99) Importer(2089858483,0ecaa5967403d082aa24f35e1b516d23)
Start importing Assets/Lobby Doorframe To First Room.prefab using Guid(03027f98cef34f245a2617421923ca99) Importer(2089858483,0ecaa5967403d082aa24f35e1b516d23) Generated GUIDs only implemented for interfaces!
 -> (artifact id: '311903bc4b70374a993c40ca2db4d59c') in 0.026705 seconds
Number of updated asset objects reloaded before import = 0
Number of asset objects unloaded after import = 9
========================================================================
Received Import Request.
  Time since last request: 17.198600 seconds.
  path: Assets/Single Doorframe.prefab
  artifactKey: Guid(03027f98cef34f245a2617421923ca99) Importer(815301076,1909f56bfc062723c751e8b465ee728b)
Start importing Assets/Single Doorframe.prefab using Guid(03027f98cef34f245a2617421923ca99) Importer(815301076,1909f56bfc062723c751e8b465ee728b)  -> (artifact id: 'f8dce0104e589e06b60f5209c8044ed3') in 0.003019 seconds
Number of updated asset objects reloaded before import = 0
Number of asset objects unloaded after import = 9
========================================================================
Received Import Request.
  Time since last request: 0.953755 seconds.
  path: Assets/Single Doorframe.prefab
  artifactKey: Guid(03027f98cef34f245a2617421923ca99) Importer(2089858483,0ecaa5967403d082aa24f35e1b516d23)
Start importing Assets/Single Doorframe.prefab using Guid(03027f98cef34f245a2617421923ca99) Importer(2089858483,0ecaa5967403d082aa24f35e1b516d23) Generated GUIDs only implemented for interfaces!
 -> (artifact id: '0fe39dbcabb6d94a083e4f8f15bf2e79') in 0.017683 seconds
Number of updated asset objects reloaded before import = 0
Number of asset objects unloaded after import = 9
========================================================================
Received Import Request.
  Time since last request: 4.386806 seconds.
  path: Assets/Lobby Doorframe To Third Room.prefab
  artifactKey: Guid(19b5ad891e71b0c48ae71a6d7aa54f7d) Importer(815301076,1909f56bfc062723c751e8b465ee728b)
Start importing Assets/Lobby Doorframe To Third Room.prefab using Guid(19b5ad891e71b0c48ae71a6d7aa54f7d) Importer(815301076,1909f56bfc062723c751e8b465ee728b)  -> (artifact id: 'dbf8c7953e8dee4fc8e51a6e0d50553f') in 0.002035 seconds
Number of updated asset objects reloaded before import = 0
Number of asset objects unloaded after import = 9
========================================================================
Received Import Request.
  Time since last request: 0.979832 seconds.
  path: Assets/Lobby Doorframe To Third Room.prefab
  artifactKey: Guid(19b5ad891e71b0c48ae71a6d7aa54f7d) Importer(2089858483,0ecaa5967403d082aa24f35e1b516d23)
Start importing Assets/Lobby Doorframe To Third Room.prefab using Guid(19b5ad891e71b0c48ae71a6d7aa54f7d) Importer(2089858483,0ecaa5967403d082aa24f35e1b516d23) Generated GUIDs only implemented for interfaces!
 -> (artifact id: 'ca3b7a1edb34080b0d5a85f3a1a69476') in 0.036202 seconds
Number of updated asset objects reloaded before import = 0
Number of asset objects unloaded after import = 9
========================================================================
Received Import Request.
  Time since last request: 109.552176 seconds.
  path: Assets/Sngle Door Frame.prefab
  artifactKey: Guid(19b5ad891e71b0c48ae71a6d7aa54f7d) Importer(815301076,1909f56bfc062723c751e8b465ee728b)
Start importing Assets/Sngle Door Frame.prefab using Guid(19b5ad891e71b0c48ae71a6d7aa54f7d) Importer(815301076,1909f56bfc062723c751e8b465ee728b)  -> (artifact id: 'e6a878d15ce4d4aa5b2c81462a6aaabb') in 0.002429 seconds
Number of updated asset objects reloaded before import = 0
Number of asset objects unloaded after import = 9
========================================================================
Received Import Request.
  Time since last request: 0.968757 seconds.
  path: Assets/Sngle Door Frame.prefab
  artifactKey: Guid(19b5ad891e71b0c48ae71a6d7aa54f7d) Importer(2089858483,0ecaa5967403d082aa24f35e1b516d23)
Start importing Assets/Sngle Door Frame.prefab using Guid(19b5ad891e71b0c48ae71a6d7aa54f7d) Importer(2089858483,0ecaa5967403d082aa24f35e1b516d23) Generated GUIDs only implemented for interfaces!
 -> (artifact id: '57155cf7d09c4df86d9a041e3b3a6b1c') in 0.038506 seconds
Number of updated asset objects reloaded before import = 0
Number of asset objects unloaded after import = 9
========================================================================
Received Import Request.
  Time since last request: 14.730984 seconds.
  path: Assets/Double Door Frame.prefab
  artifactKey: Guid(2ff6ff7ad29392f4ca81ba6999f2347c) Importer(815301076,1909f56bfc062723c751e8b465ee728b)
Start importing Assets/Double Door Frame.prefab using Guid(2ff6ff7ad29392f4ca81ba6999f2347c) Importer(815301076,1909f56bfc062723c751e8b465ee728b)  -> (artifact id: 'f7d004af97e32d7ef187b5a7937ad584') in 0.003076 seconds
Number of updated asset objects reloaded before import = 0
Number of asset objects unloaded after import = 9
========================================================================
Received Import Request.
  Time since last request: 0.980102 seconds.
  path: Assets/Double Door Frame.prefab
  artifactKey: Guid(2ff6ff7ad29392f4ca81ba6999f2347c) Importer(2089858483,0ecaa5967403d082aa24f35e1b516d23)
Start importing Assets/Double Door Frame.prefab using Guid(2ff6ff7ad29392f4ca81ba6999f2347c) Importer(2089858483,0ecaa5967403d082aa24f35e1b516d23) Generated GUIDs only implemented for interfaces!
 -> (artifact id: '3e24d174abfd41a333020259bfbd8426') in 0.021607 seconds
Number of updated asset objects reloaded before import = 0
Number of asset objects unloaded after import = 9
========================================================================
Received Import Request.
  Time since last request: 5539.596464 seconds.
  path: Assets/New Material.mat
  artifactKey: Guid(0027b3fb8aa28524e81cb805cb996a2a) Importer(815301076,1909f56bfc062723c751e8b465ee728b)
Start importing Assets/New Material.mat using Guid(0027b3fb8aa28524e81cb805cb996a2a) Importer(815301076,1909f56bfc062723c751e8b465ee728b)  -> (artifact id: '396a4cdde8309985771dfe1e1b3dcb79') in 0.026656 seconds
Number of updated asset objects reloaded before import = 0
Number of asset objects unloaded after import = 1
========================================================================
Received Import Request.
  Time since last request: 0.952428 seconds.
  path: Assets/New Material.mat
  artifactKey: Guid(0027b3fb8aa28524e81cb805cb996a2a) Importer(2089858483,0ecaa5967403d082aa24f35e1b516d23)
Start importing Assets/New Material.mat using Guid(0027b3fb8aa28524e81cb805cb996a2a) Importer(2089858483,0ecaa5967403d082aa24f35e1b516d23) Generated GUIDs only implemented for interfaces!
 -> (artifact id: '32cde7237138b257cfbc176c259ea157') in 0.017046 seconds
Number of updated asset objects reloaded before import = 0
Number of asset objects unloaded after import = 1
========================================================================
Received Import Request.
  Time since last request: 66.414999 seconds.
  path: Assets/Frame.mat
  artifactKey: Guid(0027b3fb8aa28524e81cb805cb996a2a) Importer(815301076,1909f56bfc062723c751e8b465ee728b)
Start importing Assets/Frame.mat using Guid(0027b3fb8aa28524e81cb805cb996a2a) Importer(815301076,1909f56bfc062723c751e8b465ee728b)  -> (artifact id: '864237f6fefbb4d0c2b0d3559009eaef') in 0.017673 seconds
Number of updated asset objects reloaded before import = 0
Number of asset objects unloaded after import = 1
========================================================================
Received Import Request.
  Time since last request: 0.969006 seconds.
  path: Assets/Frame.mat
  artifactKey: Guid(0027b3fb8aa28524e81cb805cb996a2a) Importer(2089858483,0ecaa5967403d082aa24f35e1b516d23)
Start importing Assets/Frame.mat using Guid(0027b3fb8aa28524e81cb805cb996a2a) Importer(2089858483,0ecaa5967403d082aa24f35e1b516d23) Generated GUIDs only implemented for interfaces!
 -> (artifact id: '5fdca5341175a278ed4ae05d8a44b715') in 0.042247 seconds
Number of updated asset objects reloaded before import = 0
Number of asset objects unloaded after import = 1
========================================================================
Received Import Request.
  Time since last request: 404.769509 seconds.
  path: Assets/Wall.mat
  artifactKey: Guid(3fe4046a3715fb04d992d181c05caa86) Importer(815301076,1909f56bfc062723c751e8b465ee728b)
Start importing Assets/Wall.mat using Guid(3fe4046a3715fb04d992d181c05caa86) Importer(815301076,1909f56bfc062723c751e8b465ee728b)  -> (artifact id: '48dd75e593826afbb98aee90dd46af45') in 0.027972 seconds
Number of updated asset objects reloaded before import = 0
Number of asset objects unloaded after import = 1
========================================================================
Received Import Request.
  Time since last request: 0.940300 seconds.
  path: Assets/Frame.mat
  artifactKey: Guid(0027b3fb8aa28524e81cb805cb996a2a) Importer(2089858483,0ecaa5967403d082aa24f35e1b516d23)
Start importing Assets/Frame.mat using Guid(0027b3fb8aa28524e81cb805cb996a2a) Importer(2089858483,0ecaa5967403d082aa24f35e1b516d23) Generated GUIDs only implemented for interfaces!
 -> (artifact id: 'efe9fa709294372cacfa39f8d7ae2abd') in 0.020860 seconds
Number of updated asset objects reloaded before import = 0
Number of asset objects unloaded after import = 1
========================================================================
Received Import Request.
  Time since last request: 0.000028 seconds.
  path: Assets/Scenes/Lobby.unity
  artifactKey: Guid(9fc0d4010bbf28b4594072e72b8655ab) Importer(2089858483,0ecaa5967403d082aa24f35e1b516d23)
Start importing Assets/Scenes/Lobby.unity using Guid(9fc0d4010bbf28b4594072e72b8655ab) Importer(2089858483,0ecaa5967403d082aa24f35e1b516d23) Generated GUIDs only implemented for interfaces!
 -> (artifact id: '41ba007479fcac98085fc70da6f67966') in 0.014812 seconds
Number of updated asset objects reloaded before import = 0
Number of asset objects unloaded after import = 1
========================================================================
Received Import Request.
  Time since last request: 14.506498 seconds.
  path: Assets/Lobby Walls.prefab
  artifactKey: Guid(54a90eff87f0a264f9d343af001d6fbb) Importer(815301076,1909f56bfc062723c751e8b465ee728b)
Start importing Assets/Lobby Walls.prefab using Guid(54a90eff87f0a264f9d343af001d6fbb) Importer(815301076,1909f56bfc062723c751e8b465ee728b)  -> (artifact id: '6f3b183d16af0db096417f90f7cc8981') in 0.008326 seconds
Number of updated asset objects reloaded before import = 0
Number of asset objects unloaded after import = 10
========================================================================
Received Import Request.
  Time since last request: 0.007055 seconds.
  path: Assets/Frame.mat
  artifactKey: Guid(0027b3fb8aa28524e81cb805cb996a2a) Importer(815301076,1909f56bfc062723c751e8b465ee728b)
Start importing Assets/Frame.mat using Guid(0027b3fb8aa28524e81cb805cb996a2a) Importer(815301076,1909f56bfc062723c751e8b465ee728b)  -> (artifact id: '8085adb3973049e0cfe60057bc42760f') in 0.018336 seconds
Number of updated asset objects reloaded before import = 0
Number of asset objects unloaded after import = 1
========================================================================
Received Import Request.
  Time since last request: 0.944306 seconds.
  path: Assets/Lobby Walls.prefab
  artifactKey: Guid(54a90eff87f0a264f9d343af001d6fbb) Importer(2089858483,0ecaa5967403d082aa24f35e1b516d23)
Start importing Assets/Lobby Walls.prefab using Guid(54a90eff87f0a264f9d343af001d6fbb) Importer(2089858483,0ecaa5967403d082aa24f35e1b516d23) Generated GUIDs only implemented for interfaces!
 -> (artifact id: 'dc9adddf004fbe2309ff8e4bc9df4f1c') in 0.049649 seconds
Number of updated asset objects reloaded before import = 0
Number of asset objects unloaded after import = 10
========================================================================
Received Import Request.
  Time since last request: 5.856624 seconds.
  path: Assets/Walls.prefab
  artifactKey: Guid(54a90eff87f0a264f9d343af001d6fbb) Importer(815301076,1909f56bfc062723c751e8b465ee728b)
Start importing Assets/Walls.prefab using Guid(54a90eff87f0a264f9d343af001d6fbb) Importer(815301076,1909f56bfc062723c751e8b465ee728b)  -> (artifact id: 'dbc44ab3aba329b2f3ce8493c43e964f') in 0.002642 seconds
Number of updated asset objects reloaded before import = 0
Number of asset objects unloaded after import = 10
========================================================================
Received Import Request.
  Time since last request: 0.969198 seconds.
  path: Assets/Walls.prefab
  artifactKey: Guid(54a90eff87f0a264f9d343af001d6fbb) Importer(2089858483,0ecaa5967403d082aa24f35e1b516d23)
Start importing Assets/Walls.prefab using Guid(54a90eff87f0a264f9d343af001d6fbb) Importer(2089858483,0ecaa5967403d082aa24f35e1b516d23) Generated GUIDs only implemented for interfaces!
 -> (artifact id: '7a1d870ed1468527d504d961741201a2') in 0.049364 seconds
Number of updated asset objects reloaded before import = 0
Number of asset objects unloaded after import = 10
========================================================================
Received Import Request.
  Time since last request: 22.617287 seconds.
  path: Assets/Scenes/Lobby.unity
  artifactKey: Guid(9fc0d4010bbf28b4594072e72b8655ab) Importer(815301076,1909f56bfc062723c751e8b465ee728b)
Start importing Assets/Scenes/Lobby.unity using Guid(9fc0d4010bbf28b4594072e72b8655ab) Importer(815301076,1909f56bfc062723c751e8b465ee728b)  -> (artifact id: '4180c13395ae93779c4a882a41e419f3') in 0.000786 seconds
Number of updated asset objects reloaded before import = 0
Number of asset objects unloaded after import = 0
========================================================================
Received Import Request.
  Time since last request: 13.724194 seconds.
  path: Assets/Scenes/Room !.unity
  artifactKey: Guid(77e0529df2543a2488a5cc1805c9a51e) Importer(815301076,1909f56bfc062723c751e8b465ee728b)
Start importing Assets/Scenes/Room !.unity using Guid(77e0529df2543a2488a5cc1805c9a51e) Importer(815301076,1909f56bfc062723c751e8b465ee728b)  -> (artifact id: '6481471786f909221b873f24055456f2') in 0.000432 seconds
Number of updated asset objects reloaded before import = 0
Number of asset objects unloaded after import = 0
========================================================================
Received Import Request.
  Time since last request: 0.973230 seconds.
  path: Assets/Scenes/Room !.unity
  artifactKey: Guid(77e0529df2543a2488a5cc1805c9a51e) Importer(2089858483,0ecaa5967403d082aa24f35e1b516d23)
Start importing Assets/Scenes/Room !.unity using Guid(77e0529df2543a2488a5cc1805c9a51e) Importer(2089858483,0ecaa5967403d082aa24f35e1b516d23) Generated GUIDs only implemented for interfaces!
 -> (artifact id: '5371451154744a78c9f1293595d6051a') in 0.025169 seconds
Number of updated asset objects reloaded before import = 0
Number of asset objects unloaded after import = 1
========================================================================
Received Import Request.
  Time since last request: 7.646576 seconds.
  path: Assets/Scenes/Lobby.unity
  artifactKey: Guid(9fc0d4010bbf28b4594072e72b8655ab) Importer(2089858483,0ecaa5967403d082aa24f35e1b516d23)
Start importing Assets/Scenes/Lobby.unity using Guid(9fc0d4010bbf28b4594072e72b8655ab) Importer(2089858483,0ecaa5967403d082aa24f35e1b516d23) Generated GUIDs only implemented for interfaces!
 -> (artifact id: '941a06bc3a890d5793aaffc62825574b') in 0.013868 seconds
Number of updated asset objects reloaded before import = 0
Number of asset objects unloaded after import = 1
========================================================================
Received Import Request.
  Time since last request: 6.769806 seconds.
  path: Assets/Scenes/Lobby.unity
  artifactKey: Guid(9fc0d4010bbf28b4594072e72b8655ab) Importer(815301076,1909f56bfc062723c751e8b465ee728b)
Start importing Assets/Scenes/Lobby.unity using Guid(9fc0d4010bbf28b4594072e72b8655ab) Importer(815301076,1909f56bfc062723c751e8b465ee728b)  -> (artifact id: 'd8274c6b84f44aa01cb059d1f67f7c7d') in 0.000464 seconds
Number of updated asset objects reloaded before import = 0
Number of asset objects unloaded after import = 0
========================================================================
Received Import Request.
  Time since last request: 2307.721689 seconds.
  path: Assets/Scenes/Room !.unity
  artifactKey: Guid(77e0529df2543a2488a5cc1805c9a51e) Importer(2089858483,0ecaa5967403d082aa24f35e1b516d23)
Start importing Assets/Scenes/Room !.unity using Guid(77e0529df2543a2488a5cc1805c9a51e) Importer(2089858483,0ecaa5967403d082aa24f35e1b516d23) Generated GUIDs only implemented for interfaces!
 -> (artifact id: '8e2c2fa29486f717857842264160161f') in 0.033289 seconds
Number of updated asset objects reloaded before import = 0
Number of asset objects unloaded after import = 1
========================================================================
Received Import Request.
  Time since last request: 5633.540253 seconds.
  path: Assets/Full Lobby.prefab
  artifactKey: Guid(54a90eff87f0a264f9d343af001d6fbb) Importer(815301076,1909f56bfc062723c751e8b465ee728b)
Start importing Assets/Full Lobby.prefab using Guid(54a90eff87f0a264f9d343af001d6fbb) Importer(815301076,1909f56bfc062723c751e8b465ee728b)  -> (artifact id: '4def56d646228a60e93d2788858d4ad9') in 0.014433 seconds
Number of updated asset objects reloaded before import = 0
Number of asset objects unloaded after import = 10
========================================================================
Received Import Request.
  Time since last request: 0.968169 seconds.
  path: Assets/Full Lobby.prefab
  artifactKey: Guid(54a90eff87f0a264f9d343af001d6fbb) Importer(2089858483,0ecaa5967403d082aa24f35e1b516d23)
Start importing Assets/Full Lobby.prefab using Guid(54a90eff87f0a264f9d343af001d6fbb) Importer(2089858483,0ecaa5967403d082aa24f35e1b516d23) Generated GUIDs only implemented for interfaces!
 -> (artifact id: '1eacb86d6908510322fb2936da832c32') in 0.044423 seconds
Number of updated asset objects reloaded before import = 0
Number of asset objects unloaded after import = 10
========================================================================
Received Import Request.
  Time since last request: 2818.567325 seconds.
  path: Assets/Scenes/Room !.unity
  artifactKey: Guid(77e0529df2543a2488a5cc1805c9a51e) Importer(2089858483,0ecaa5967403d082aa24f35e1b516d23)
Start importing Assets/Scenes/Room !.unity using Guid(77e0529df2543a2488a5cc1805c9a51e) Importer(2089858483,0ecaa5967403d082aa24f35e1b516d23) Generated GUIDs only implemented for interfaces!
 -> (artifact id: '7b7819b191720ce027cdf634ec97fb81') in 0.040328 seconds
Number of updated asset objects reloaded before import = 0
Number of asset objects unloaded after import = 1
========================================================================
Received Import Request.
  Time since last request: 404.612232 seconds.
  path: Assets/Scenes/Room !.unity
  artifactKey: Guid(77e0529df2543a2488a5cc1805c9a51e) Importer(815301076,1909f56bfc062723c751e8b465ee728b)
Start importing Assets/Scenes/Room !.unity using Guid(77e0529df2543a2488a5cc1805c9a51e) Importer(815301076,1909f56bfc062723c751e8b465ee728b)  -> (artifact id: '0636193df8609a15a1e612ed0548ccaa') in 0.001257 seconds
Number of updated asset objects reloaded before import = 0
Number of asset objects unloaded after import = 0
========================================================================
Received Import Request.
  Time since last request: 26.365880 seconds.
  path: Assets/Scenes/New Scene.unity
  artifactKey: Guid(7f798abac930241458b9b0da5ae740c3) Importer(815301076,1909f56bfc062723c751e8b465ee728b)
Start importing Assets/Scenes/New Scene.unity using Guid(7f798abac930241458b9b0da5ae740c3) Importer(815301076,1909f56bfc062723c751e8b465ee728b)  -> (artifact id: 'b31988aef2e28b68e3699fc499783908') in 0.000497 seconds
Number of updated asset objects reloaded before import = 0
Number of asset objects unloaded after import = 0
========================================================================
Received Import Request.
  Time since last request: 0.970931 seconds.
  path: Assets/Scenes/New Scene.unity
  artifactKey: Guid(7f798abac930241458b9b0da5ae740c3) Importer(2089858483,0ecaa5967403d082aa24f35e1b516d23)
Start importing Assets/Scenes/New Scene.unity using Guid(7f798abac930241458b9b0da5ae740c3) Importer(2089858483,0ecaa5967403d082aa24f35e1b516d23) Generated GUIDs only implemented for interfaces!
 -> (artifact id: '234048bf9f9eed2194c19d2554be704b') in 0.013593 seconds
Number of updated asset objects reloaded before import = 0
Number of asset objects unloaded after import = 1
========================================================================
Received Import Request.
  Time since last request: 4.453925 seconds.
  path: Assets/Scenes/Room 3.unity
  artifactKey: Guid(7f798abac930241458b9b0da5ae740c3) Importer(815301076,1909f56bfc062723c751e8b465ee728b)
Start importing Assets/Scenes/Room 3.unity using Guid(7f798abac930241458b9b0da5ae740c3) Importer(815301076,1909f56bfc062723c751e8b465ee728b)  -> (artifact id: '11c7878cfb83518aa588b153e4d2c6b4') in 0.000390 seconds
Number of updated asset objects reloaded before import = 0
Number of asset objects unloaded after import = 0
========================================================================
Received Import Request.
  Time since last request: 0.973468 seconds.
  path: Assets/Scenes/Room 3.unity
  artifactKey: Guid(7f798abac930241458b9b0da5ae740c3) Importer(2089858483,0ecaa5967403d082aa24f35e1b516d23)
Start importing Assets/Scenes/Room 3.unity using Guid(7f798abac930241458b9b0da5ae740c3) Importer(2089858483,0ecaa5967403d082aa24f35e1b516d23) Generated GUIDs only implemented for interfaces!
 -> (artifact id: '7911cbfdc1d5ad8a4e1c1e5b94eeffdb') in 0.022738 seconds
Number of updated asset objects reloaded before import = 0
Number of asset objects unloaded after import = 1
========================================================================
Received Import Request.
  Time since last request: 18.362594 seconds.
  path: Assets/Scenes/Room !.unity
  artifactKey: Guid(77e0529df2543a2488a5cc1805c9a51e) Importer(2089858483,0ecaa5967403d082aa24f35e1b516d23)
Start importing Assets/Scenes/Room !.unity using Guid(77e0529df2543a2488a5cc1805c9a51e) Importer(2089858483,0ecaa5967403d082aa24f35e1b516d23) Generated GUIDs only implemented for interfaces!
 -> (artifact id: '368666d21208a2f1ec16d7be0af0c75b') in 0.010837 seconds
Number of updated asset objects reloaded before import = 0
Number of asset objects unloaded after import = 1
========================================================================
Received Import Request.
  Time since last request: 547.644192 seconds.
  path: Assets/Scenes/Room 3.unity
  artifactKey: Guid(7f798abac930241458b9b0da5ae740c3) Importer(2089858483,0ecaa5967403d082aa24f35e1b516d23)
Start importing Assets/Scenes/Room 3.unity using Guid(7f798abac930241458b9b0da5ae740c3) Importer(2089858483,0ecaa5967403d082aa24f35e1b516d23) Generated GUIDs only implemented for interfaces!
 -> (artifact id: '0f1c35b57504fb31784e45909b9f05b2') in 0.013220 seconds
Number of updated asset objects reloaded before import = 0
Number of asset objects unloaded after import = 1
========================================================================
Received Import Request.
  Time since last request: 6644.041304 seconds.
  path: Assets/Scenes/Room 3.unity
  artifactKey: Guid(7f798abac930241458b9b0da5ae740c3) Importer(815301076,1909f56bfc062723c751e8b465ee728b)
Start importing Assets/Scenes/Room 3.unity using Guid(7f798abac930241458b9b0da5ae740c3) Importer(815301076,1909f56bfc062723c751e8b465ee728b)  -> (artifact id: '8341251d63f618ad63f23310dbeed689') in 0.000726 seconds
Number of updated asset objects reloaded before import = 0
Number of asset objects unloaded after import = 0
========================================================================
Received Import Request.
  Time since last request: 17.964209 seconds.
  path: Assets/Scenes/Atrium.unity
  artifactKey: Guid(958c0727bb6174d478bb1085b7fd8c6f) Importer(815301076,1909f56bfc062723c751e8b465ee728b)
Start importing Assets/Scenes/Atrium.unity using Guid(958c0727bb6174d478bb1085b7fd8c6f) Importer(815301076,1909f56bfc062723c751e8b465ee728b)  -> (artifact id: '2ec39baf27ccd59770fdaf71b47575e8') in 0.000473 seconds
Number of updated asset objects reloaded before import = 0
Number of asset objects unloaded after import = 0
========================================================================
Received Import Request.
  Time since last request: 0.970734 seconds.
  path: Assets/Scenes/Atrium.unity
  artifactKey: Guid(958c0727bb6174d478bb1085b7fd8c6f) Importer(2089858483,0ecaa5967403d082aa24f35e1b516d23)
Start importing Assets/Scenes/Atrium.unity using Guid(958c0727bb6174d478bb1085b7fd8c6f) Importer(2089858483,0ecaa5967403d082aa24f35e1b516d23) Generated GUIDs only implemented for interfaces!
 -> (artifact id: 'b30c76573e4e75103ccd4a2c03ce6443') in 0.012210 seconds
Number of updated asset objects reloaded before import = 0
Number of asset objects unloaded after import = 1
========================================================================
Received Import Request.
  Time since last request: 23.014790 seconds.
  path: Assets/Scenes/Room 2.unity
  artifactKey: Guid(58391d4e30b8c0646933d8987a729ec4) Importer(815301076,1909f56bfc062723c751e8b465ee728b)
Start importing Assets/Scenes/Room 2.unity using Guid(58391d4e30b8c0646933d8987a729ec4) Importer(815301076,1909f56bfc062723c751e8b465ee728b)  -> (artifact id: '835c2943a872107933f00fb709305f8d') in 0.000393 seconds
Number of updated asset objects reloaded before import = 0
Number of asset objects unloaded after import = 0
========================================================================
Received Import Request.
  Time since last request: 0.973640 seconds.
  path: Assets/Scenes/Room 2.unity
  artifactKey: Guid(58391d4e30b8c0646933d8987a729ec4) Importer(2089858483,0ecaa5967403d082aa24f35e1b516d23)
Start importing Assets/Scenes/Room 2.unity using Guid(58391d4e30b8c0646933d8987a729ec4) Importer(2089858483,0ecaa5967403d082aa24f35e1b516d23) Generated GUIDs only implemented for interfaces!
 -> (artifact id: '08eb0d08d0b351e500323ba3592538c6') in 0.016079 seconds
Number of updated asset objects reloaded before import = 0
Number of asset objects unloaded after import = 1
========================================================================
Received Import Request.
  Time since last request: 30.276129 seconds.
  path: Assets/Scenes/Room 3.unity
  artifactKey: Guid(7f798abac930241458b9b0da5ae740c3) Importer(2089858483,0ecaa5967403d082aa24f35e1b516d23)
Start importing Assets/Scenes/Room 3.unity using Guid(7f798abac930241458b9b0da5ae740c3) Importer(2089858483,0ecaa5967403d082aa24f35e1b516d23) Generated GUIDs only implemented for interfaces!
 -> (artifact id: '13e7d008386c73eebd17ee2ac74c8f2b') in 0.016272 seconds
Number of updated asset objects reloaded before import = 0
Number of asset objects unloaded after import = 1
========================================================================
Received Import Request.
  Time since last request: 8.291142 seconds.
  path: Assets/Scenes/Room 3.unity
  artifactKey: Guid(7f798abac930241458b9b0da5ae740c3) Importer(815301076,1909f56bfc062723c751e8b465ee728b)
Start importing Assets/Scenes/Room 3.unity using Guid(7f798abac930241458b9b0da5ae740c3) Importer(815301076,1909f56bfc062723c751e8b465ee728b)  -> (artifact id: '9290fc8ffa667950b1b74dcd6ea9a517') in 0.000623 seconds
Number of updated asset objects reloaded before import = 0
Number of asset objects unloaded after import = 0
========================================================================
Received Import Request.
  Time since last request: 4.651380 seconds.
  path: Assets/Scenes/Atrium.unity
  artifactKey: Guid(958c0727bb6174d478bb1085b7fd8c6f) Importer(2089858483,0ecaa5967403d082aa24f35e1b516d23)
Start importing Assets/Scenes/Atrium.unity using Guid(958c0727bb6174d478bb1085b7fd8c6f) Importer(2089858483,0ecaa5967403d082aa24f35e1b516d23) Generated GUIDs only implemented for interfaces!
 -> (artifact id: '5813786fce9d416c17c4b9ec82a0a175') in 0.029808 seconds
Number of updated asset objects reloaded before import = 0
Number of asset objects unloaded after import = 1
========================================================================
Received Import Request.
  Time since last request: 179.198118 seconds.
  path: Assets/Scenes/Room 3.unity
  artifactKey: Guid(7f798abac930241458b9b0da5ae740c3) Importer(2089858483,0ecaa5967403d082aa24f35e1b516d23)
Start importing Assets/Scenes/Room 3.unity using Guid(7f798abac930241458b9b0da5ae740c3) Importer(2089858483,0ecaa5967403d082aa24f35e1b516d23) Generated GUIDs only implemented for interfaces!
 -> (artifact id: '7f3f1a35b9d4ad17d2f2d4541b17543b') in 0.024644 seconds
Number of updated asset objects reloaded before import = 0
Number of asset objects unloaded after import = 1
========================================================================
Received Import Request.
  Time since last request: 8.426645 seconds.
  path: Assets/Scenes/Atrium.unity
  artifactKey: Guid(958c0727bb6174d478bb1085b7fd8c6f) Importer(815301076,1909f56bfc062723c751e8b465ee728b)
Start importing Assets/Scenes/Atrium.unity using Guid(958c0727bb6174d478bb1085b7fd8c6f) Importer(815301076,1909f56bfc062723c751e8b465ee728b)  -> (artifact id: '0b3a4302e86f3172671b6f71ae536547') in 0.000493 seconds
Number of updated asset objects reloaded before import = 0
Number of asset objects unloaded after import = 0
========================================================================
Received Import Request.
  Time since last request: 5278.969189 seconds.
  path: Assets/Scenes/Atrium.unity
  artifactKey: Guid(958c0727bb6174d478bb1085b7fd8c6f) Importer(2089858483,0ecaa5967403d082aa24f35e1b516d23)
Start importing Assets/Scenes/Atrium.unity using Guid(958c0727bb6174d478bb1085b7fd8c6f) Importer(2089858483,0ecaa5967403d082aa24f35e1b516d23) Generated GUIDs only implemented for interfaces!
 -> (artifact id: 'a2863136f6c201d84d7c75866e4796e2') in 0.021772 seconds
Number of updated asset objects reloaded before import = 0
Number of asset objects unloaded after import = 1
========================================================================
Received Import Request.
  Time since last request: 260.578200 seconds.
  path: Assets/Scenes/Atrium.unity
  artifactKey: Guid(958c0727bb6174d478bb1085b7fd8c6f) Importer(2089858483,0ecaa5967403d082aa24f35e1b516d23)
Start importing Assets/Scenes/Atrium.unity using Guid(958c0727bb6174d478bb1085b7fd8c6f) Importer(2089858483,0ecaa5967403d082aa24f35e1b516d23) Generated GUIDs only implemented for interfaces!
 -> (artifact id: '71c7f6dc9b328f1e921b74c157888278') in 0.017533 seconds
Number of updated asset objects reloaded before import = 0
Number of asset objects unloaded after import = 1
========================================================================
Received Import Request.
  Time since last request: 14.206565 seconds.
  path: Assets/Scenes/Atrium.unity
  artifactKey: Guid(958c0727bb6174d478bb1085b7fd8c6f) Importer(815301076,1909f56bfc062723c751e8b465ee728b)
Start importing Assets/Scenes/Atrium.unity using Guid(958c0727bb6174d478bb1085b7fd8c6f) Importer(815301076,1909f56bfc062723c751e8b465ee728b)  -> (artifact id: 'a2c795cfe65af4136e94f761fb2b765e') in 0.000515 seconds
Number of updated asset objects reloaded before import = 0
Number of asset objects unloaded after import = 0
========================================================================
Received Import Request.
  Time since last request: 3.192983 seconds.
  path: Assets/Scenes/Room !.unity
  artifactKey: Guid(77e0529df2543a2488a5cc1805c9a51e) Importer(815301076,1909f56bfc062723c751e8b465ee728b)
Start importing Assets/Scenes/Room !.unity using Guid(77e0529df2543a2488a5cc1805c9a51e) Importer(815301076,1909f56bfc062723c751e8b465ee728b)  -> (artifact id: '3668703746668e7b3d9fbd717b04ecc1') in 0.000479 seconds
Number of updated asset objects reloaded before import = 0
Number of asset objects unloaded after import = 0
========================================================================
Received Import Request.
  Time since last request: 8.137889 seconds.
  path: Assets/Scenes/Room 3.unity
  artifactKey: Guid(7f798abac930241458b9b0da5ae740c3) Importer(815301076,1909f56bfc062723c751e8b465ee728b)
Start importing Assets/Scenes/Room 3.unity using Guid(7f798abac930241458b9b0da5ae740c3) Importer(815301076,1909f56bfc062723c751e8b465ee728b)  -> (artifact id: 'd419d69909bea8ab87e9855e612664ca') in 0.000453 seconds
Number of updated asset objects reloaded before import = 0
Number of asset objects unloaded after import = 0
========================================================================
Received Import Request.
  Time since last request: 53.014441 seconds.
  path: Assets/Scenes/Room 2.unity
  artifactKey: Guid(58391d4e30b8c0646933d8987a729ec4) Importer(2089858483,0ecaa5967403d082aa24f35e1b516d23)
Start importing Assets/Scenes/Room 2.unity using Guid(58391d4e30b8c0646933d8987a729ec4) Importer(2089858483,0ecaa5967403d082aa24f35e1b516d23) Generated GUIDs only implemented for interfaces!
 -> (artifact id: '06df7fc0faee47c00c3e0e947f306b76') in 0.011530 seconds
Number of updated asset objects reloaded before import = 0
Number of asset objects unloaded after import = 1
========================================================================
Received Import Request.
  Time since last request: 7.679238 seconds.
  path: Assets/Scenes/Room 2.unity
  artifactKey: Guid(58391d4e30b8c0646933d8987a729ec4) Importer(815301076,1909f56bfc062723c751e8b465ee728b)
Start importing Assets/Scenes/Room 2.unity using Guid(58391d4e30b8c0646933d8987a729ec4) Importer(815301076,1909f56bfc062723c751e8b465ee728b)  -> (artifact id: '9dabd38a93e2ce499335f4aad3c7d03a') in 0.000453 seconds
Number of updated asset objects reloaded before import = 0
Number of asset objects unloaded after import = 0
========================================================================
Received Import Request.
  Time since last request: 3194.434715 seconds.
  path: Assets/Scenes/Room 2.unity
  artifactKey: Guid(58391d4e30b8c0646933d8987a729ec4) Importer(2089858483,0ecaa5967403d082aa24f35e1b516d23)
Start importing Assets/Scenes/Room 2.unity using Guid(58391d4e30b8c0646933d8987a729ec4) Importer(2089858483,0ecaa5967403d082aa24f35e1b516d23) Generated GUIDs only implemented for interfaces!
 -> (artifact id: '136ea75f1743f1922d8d3579b3c084b5') in 0.020251 seconds
Number of updated asset objects reloaded before import = 0
Number of asset objects unloaded after import = 1
========================================================================
Received Import Request.
  Time since last request: 23.730220 seconds.
  path: Assets/Scenes/Room 4.unity
  artifactKey: Guid(11dff11faed860a4ab81f25f5f0d1df8) Importer(815301076,1909f56bfc062723c751e8b465ee728b)
Start importing Assets/Scenes/Room 4.unity using Guid(11dff11faed860a4ab81f25f5f0d1df8) Importer(815301076,1909f56bfc062723c751e8b465ee728b)  -> (artifact id: '52876f62630b73751b714d52b170ede0') in 0.000542 seconds
Number of updated asset objects reloaded before import = 0
Number of asset objects unloaded after import = 0
========================================================================
Received Import Request.
  Time since last request: 0.973061 seconds.
  path: Assets/Scenes/Room 4.unity
  artifactKey: Guid(11dff11faed860a4ab81f25f5f0d1df8) Importer(2089858483,0ecaa5967403d082aa24f35e1b516d23)
Start importing Assets/Scenes/Room 4.unity using Guid(11dff11faed860a4ab81f25f5f0d1df8) Importer(2089858483,0ecaa5967403d082aa24f35e1b516d23) Generated GUIDs only implemented for interfaces!
 -> (artifact id: '446ad82ac435e288c07371bc03699808') in 0.011951 seconds
Number of updated asset objects reloaded before import = 0
Number of asset objects unloaded after import = 1
========================================================================
Received Import Request.
  Time since last request: 266.502565 seconds.
  path: Assets/Scenes/Room 4.unity
  artifactKey: Guid(11dff11faed860a4ab81f25f5f0d1df8) Importer(2089858483,0ecaa5967403d082aa24f35e1b516d23)
Start importing Assets/Scenes/Room 4.unity using Guid(11dff11faed860a4ab81f25f5f0d1df8) Importer(2089858483,0ecaa5967403d082aa24f35e1b516d23) Generated GUIDs only implemented for interfaces!
 -> (artifact id: 'ae637c9aeed30fb6387e0ab9de8c340a') in 0.013378 seconds
Number of updated asset objects reloaded before import = 0
Number of asset objects unloaded after import = 1
========================================================================
Received Import Request.
  Time since last request: 61.763905 seconds.
  path: Assets/Scenes/Room 3.unity
  artifactKey: Guid(7f798abac930241458b9b0da5ae740c3) Importer(2089858483,0ecaa5967403d082aa24f35e1b516d23)
Start importing Assets/Scenes/Room 3.unity using Guid(7f798abac930241458b9b0da5ae740c3) Importer(2089858483,0ecaa5967403d082aa24f35e1b516d23) Generated GUIDs only implemented for interfaces!
 -> (artifact id: '527ac8d385c4a9131674bf83972052ba') in 0.027434 seconds
Number of updated asset objects reloaded before import = 0
Number of asset objects unloaded after import = 1
========================================================================
Received Import Request.
  Time since last request: 2.004552 seconds.
  path: Assets/Scenes/Room 2.unity
  artifactKey: Guid(58391d4e30b8c0646933d8987a729ec4) Importer(815301076,1909f56bfc062723c751e8b465ee728b)
Start importing Assets/Scenes/Room 2.unity using Guid(58391d4e30b8c0646933d8987a729ec4) Importer(815301076,1909f56bfc062723c751e8b465ee728b)  -> (artifact id: 'db0fb643af1689c9b4cd68cc2fc72788') in 0.000395 seconds
Number of updated asset objects reloaded before import = 0
Number of asset objects unloaded after import = 0
========================================================================
Received Import Request.
  Time since last request: 41.304463 seconds.
  path: Assets/Scenes/Room 2.unity
  artifactKey: Guid(58391d4e30b8c0646933d8987a729ec4) Importer(2089858483,0ecaa5967403d082aa24f35e1b516d23)
Start importing Assets/Scenes/Room 2.unity using Guid(58391d4e30b8c0646933d8987a729ec4) Importer(2089858483,0ecaa5967403d082aa24f35e1b516d23) Generated GUIDs only implemented for interfaces!
 -> (artifact id: '01f6e7aa861bcd49816e46173597c1c6') in 0.024173 seconds
Number of updated asset objects reloaded before import = 0
Number of asset objects unloaded after import = 1
